[debug] [2024-06-20T07:56:53.310Z] ----------------------------------------------------------------------
[debug] [2024-06-20T07:56:53.312Z] Command:       C:\Program Files\nodejs\node.exe C:\Users\admin\AppData\Roaming\npm\node_modules\firebase-tools\lib\bin\firebase.js init
[debug] [2024-06-20T07:56:53.312Z] CLI Version:   13.11.2
[debug] [2024-06-20T07:56:53.312Z] Platform:      win32
[debug] [2024-06-20T07:56:53.312Z] Node Version:  v20.14.0
[debug] [2024-06-20T07:56:53.312Z] Time:          Thu Jun 20 2024 14:56:53 GMT+0700 (Indochina Time)
[debug] [2024-06-20T07:56:53.312Z] ----------------------------------------------------------------------
[debug] 
[debug] [2024-06-20T07:56:53.373Z] > command requires scopes: ["email","openid","https://www.googleapis.com/auth/cloudplatformprojects.readonly","https://www.googleapis.com/auth/firebase","https://www.googleapis.com/auth/cloud-platform"]
[debug] [2024-06-20T07:56:53.373Z] > authorizing via signed-in user (19521450@gm.uit.edu.vn)
[info] 
     ######## #### ########  ######## ########     ###     ######  ########
     ##        ##  ##     ## ##       ##     ##  ##   ##  ##       ##
     ######    ##  ########  ######   ########  #########  ######  ######
     ##        ##  ##    ##  ##       ##     ## ##     ##       ## ##
     ##       #### ##     ## ######## ########  ##     ##  ######  ########

You're about to initialize a Firebase project in this directory:

  C:\Users\admin\OneDrive\Desktop\firebase + reactjs\firebase-reactjs

Before we get started, keep in mind:

  * You are initializing within an existing Firebase project directory

[info] 
=== Project Setup
[info] 
[info] First, let's associate this project directory with a Firebase project.
[info] You can create multiple project aliases by running firebase use --add, 
[info] but for now we'll just set up a default project.
[info] 
[debug] [2024-06-20T07:57:03.529Z] > refreshing access token with scopes: []
[debug] [2024-06-20T07:57:03.533Z] >>> [apiv2][query] POST https://www.googleapis.com/oauth2/v3/token [none]
[debug] [2024-06-20T07:57:03.533Z] >>> [apiv2][body] POST https://www.googleapis.com/oauth2/v3/token [omitted]
[debug] [2024-06-20T07:57:03.749Z] <<< [apiv2][status] POST https://www.googleapis.com/oauth2/v3/token 400
[debug] [2024-06-20T07:57:03.749Z] <<< [apiv2][body] POST https://www.googleapis.com/oauth2/v3/token [omitted]
[debug] [2024-06-20T07:57:03.750Z] >>> [apiv2][query] GET https://firebase.googleapis.com/v1beta1/availableProjects pageSize=100
[debug] [2024-06-20T07:57:03.885Z] <<< [apiv2][status] GET https://firebase.googleapis.com/v1beta1/availableProjects 401
[debug] [2024-06-20T07:57:03.885Z] <<< [apiv2][body] GET https://firebase.googleapis.com/v1beta1/availableProjects [omitted]
[debug] [2024-06-20T07:57:03.886Z] HTTP Error: 401, Request had invalid authentication credentials. Expected OAuth 2 access token, login cookie or other valid authentication credential. See https://developers.google.com/identity/sign-in/web/devconsole-project.
[debug] [2024-06-20T07:57:04.028Z] FirebaseError: HTTP Error: 401, Request had invalid authentication credentials. Expected OAuth 2 access token, login cookie or other valid authentication credential. See https://developers.google.com/identity/sign-in/web/devconsole-project.
    at responseToError (C:\Users\admin\AppData\Roaming\npm\node_modules\firebase-tools\lib\responseToError.js:49:12)
    at RetryOperation._fn (C:\Users\admin\AppData\Roaming\npm\node_modules\firebase-tools\lib\apiv2.js:305:77)
    at process.processTicksAndRejections (node:internal/process/task_queues:95:5)
[error] 
[error] Error: Failed to list available Google Cloud Platform projects. See firebase-debug.log for more info.
[debug] [2024-06-20T08:00:21.834Z] ----------------------------------------------------------------------
[debug] [2024-06-20T08:00:21.836Z] Command:       C:\Program Files\nodejs\node.exe C:\Users\admin\AppData\Roaming\npm\node_modules\firebase-tools\lib\bin\firebase.js init
[debug] [2024-06-20T08:00:21.837Z] CLI Version:   13.11.2
[debug] [2024-06-20T08:00:21.837Z] Platform:      win32
[debug] [2024-06-20T08:00:21.837Z] Node Version:  v20.14.0
[debug] [2024-06-20T08:00:21.837Z] Time:          Thu Jun 20 2024 15:00:21 GMT+0700 (Indochina Time)
[debug] [2024-06-20T08:00:21.837Z] ----------------------------------------------------------------------
[debug] 
[debug] [2024-06-20T08:00:21.901Z] > command requires scopes: ["email","openid","https://www.googleapis.com/auth/cloudplatformprojects.readonly","https://www.googleapis.com/auth/firebase","https://www.googleapis.com/auth/cloud-platform"]
[debug] [2024-06-20T08:00:21.902Z] > authorizing via signed-in user (19521450@gm.uit.edu.vn)
[info] 
     ######## #### ########  ######## ########     ###     ######  ########
     ##        ##  ##     ## ##       ##     ##  ##   ##  ##       ##
     ######    ##  ########  ######   ########  #########  ######  ######
     ##        ##  ##    ##  ##       ##     ## ##     ##       ## ##
     ##       #### ##     ## ######## ########  ##     ##  ######  ########

You're about to initialize a Firebase project in this directory:

  C:\Users\admin\OneDrive\Desktop\firebase + reactjs\firebase-reactjs

Before we get started, keep in mind:

  * You are initializing within an existing Firebase project directory

[info] 
=== Project Setup
[info] 
[info] First, let's associate this project directory with a Firebase project.
[info] You can create multiple project aliases by running firebase use --add, 
[info] but for now we'll just set up a default project.
[info] 
[debug] [2024-06-20T08:00:28.248Z] > refreshing access token with scopes: []
[debug] [2024-06-20T08:00:28.252Z] >>> [apiv2][query] POST https://www.googleapis.com/oauth2/v3/token [none]
[debug] [2024-06-20T08:00:28.253Z] >>> [apiv2][body] POST https://www.googleapis.com/oauth2/v3/token [omitted]
[debug] [2024-06-20T08:00:28.549Z] <<< [apiv2][status] POST https://www.googleapis.com/oauth2/v3/token 400
[debug] [2024-06-20T08:00:28.550Z] <<< [apiv2][body] POST https://www.googleapis.com/oauth2/v3/token [omitted]
[debug] [2024-06-20T08:00:28.552Z] >>> [apiv2][query] GET https://firebase.googleapis.com/v1beta1/projects pageSize=100
[debug] [2024-06-20T08:00:28.714Z] <<< [apiv2][status] GET https://firebase.googleapis.com/v1beta1/projects 401
[debug] [2024-06-20T08:00:28.714Z] <<< [apiv2][body] GET https://firebase.googleapis.com/v1beta1/projects [omitted]
[debug] [2024-06-20T08:00:28.715Z] HTTP Error: 401, Request had invalid authentication credentials. Expected OAuth 2 access token, login cookie or other valid authentication credential. See https://developers.google.com/identity/sign-in/web/devconsole-project.
[debug] [2024-06-20T08:00:28.865Z] FirebaseError: HTTP Error: 401, Request had invalid authentication credentials. Expected OAuth 2 access token, login cookie or other valid authentication credential. See https://developers.google.com/identity/sign-in/web/devconsole-project.
    at responseToError (C:\Users\admin\AppData\Roaming\npm\node_modules\firebase-tools\lib\responseToError.js:49:12)
    at RetryOperation._fn (C:\Users\admin\AppData\Roaming\npm\node_modules\firebase-tools\lib\apiv2.js:305:77)
    at process.processTicksAndRejections (node:internal/process/task_queues:95:5)
[error] 
[error] Error: Failed to list Firebase projects. See firebase-debug.log for more info.
